Using source root /home/os/Documents/arm-develop/hafnium
Got dotfile /home/os/Documents/arm-develop/hafnium/.gn
Using build dir //usr-vms/out/
Loading //build/BUILDCONFIG.gn
Loading //BUILD.gn
Running //BUILD.gn with toolchain //build/toolchain:host_clang
Defining target //:root(//build/toolchain:host_clang)
Defining target //:test_root(//build/toolchain:host_clang)
Defining target //:update_prebuilts(//build/toolchain:host_clang)
Defining target //:default(//build/toolchain:host_clang)
Loading //project/reference/BUILD.gn (referenced from //BUILD.gn:13)
Loading //build/toolchain/BUILD.gn (referenced from //BUILD.gn:11)
Loading //third_party/linux/BUILD.gn (referenced from //BUILD.gn:28)
Running //build/toolchain/BUILD.gn with toolchain //build/toolchain:host_clang
Loading //build/toolchain/embedded.gni (referenced from //build/toolchain/BUILD.gn:7)
Running //third_party/linux/BUILD.gn with toolchain //build/toolchain:host_clang
Loading //build/linux/linux.gni (referenced from //third_party/linux/BUILD.gn:7)
Running //project/reference/BUILD.gn with toolchain //build/toolchain:host_clang
Defining target //third_party/linux:linux__source(//build/toolchain:host_clang)
Defining target //third_party/linux:linux__defconfig(//build/toolchain:host_clang)
Defining target //third_party/linux:linux(//build/toolchain:host_clang)
Defining target //third_party/linux:linux__prebuilt(//build/toolchain:host_clang)
Loading //build/toolchain/host.gni (referenced from //build/toolchain/BUILD.gn:8)
Defining toolchain //build/toolchain:host_clang
Defining target //project/reference:root(//build/toolchain:host_clang)
Defining target //project/reference:test_root(//build/toolchain:host_clang)
Defining toolchain //project/reference:host_fake_clang
Defining toolchain //build/toolchain:aarch64_linux_clang
Defining toolchain //project/reference:secure_aem_v8a_fvp_clang
Computing //third_party/linux:linux__source(//build/toolchain:host_clang)
Computing //third_party/linux:linux__defconfig(//build/toolchain:host_clang)
Computing //third_party/linux:linux(//build/toolchain:host_clang)
Computing //:update_prebuilts(//build/toolchain:host_clang)
Computing //third_party/linux:linux__prebuilt(//build/toolchain:host_clang)
Defining toolchain //project/reference:secure_aem_v8a_fvp_clang_bfd
Defining toolchain //project/reference:secure_aem_v8a_fvp_vm_clang
Defining toolchain //project/reference:secure_aem_v8a_fvp_vm_clang_bfd
Defining toolchain //project/reference:secure_aem_v8a_fvp_vhe_clang
Defining toolchain //project/reference:secure_aem_v8a_fvp_vhe_clang_bfd
Defining toolchain //project/reference:secure_aem_v8a_fvp_vhe_vm_clang
Defining toolchain //project/reference:secure_aem_v8a_fvp_vhe_vm_clang_bfd
Defining toolchain //project/reference:aem_v8a_fvp_clang
Defining toolchain //project/reference:aem_v8a_fvp_clang_bfd
Defining toolchain //project/reference:aem_v8a_fvp_vm_clang
Defining toolchain //project/reference:aem_v8a_fvp_vm_clang_bfd
Defining toolchain //project/reference:aem_v8a_fvp_vhe_clang
Defining toolchain //project/reference:aem_v8a_fvp_vhe_clang_bfd
Defining toolchain //project/reference:aem_v8a_fvp_vhe_vm_clang
Defining toolchain //project/reference:aem_v8a_fvp_vhe_vm_clang_bfd
Defining toolchain //project/reference:qemu_aarch64_clang
Defining toolchain //project/reference:qemu_aarch64_clang_bfd
Defining toolchain //project/reference:qemu_aarch64_vm_clang
Defining toolchain //project/reference:qemu_aarch64_vm_clang_bfd
Defining toolchain //project/reference:qemu_aarch64_vhe_clang
Defining toolchain //project/reference:qemu_aarch64_vhe_clang_bfd
Defining toolchain //project/reference:qemu_aarch64_vhe_vm_clang
Defining toolchain //project/reference:qemu_aarch64_vhe_vm_clang_bfd
Defining toolchain //project/reference:rpi4_clang
Defining toolchain //project/reference:rpi4_clang_bfd
Defining toolchain //project/reference:rpi4_vm_clang
Defining toolchain //project/reference:rpi4_vm_clang_bfd
Defining toolchain //project/reference:secure_tc_clang
Defining toolchain //project/reference:secure_tc_clang_bfd
Defining toolchain //project/reference:secure_tc_vm_clang
Defining toolchain //project/reference:secure_tc_vm_clang_bfd
Loading //src/BUILD.gn (referenced from //project/reference/BUILD.gn:17)
Loading //test/vmapi/BUILD.gn (referenced from //project/reference/BUILD.gn:41)
Loading //test/arch/BUILD.gn (referenced from //project/reference/BUILD.gn:31)
Loading //test/linux/BUILD.gn (referenced from //project/reference/BUILD.gn:39)
ERROR at //project/reference/BUILD.gn:39:5: Unable to load "/home/os/Documents/arm-develop/hafnium/test/linux/BUILD.gn".
    "//test/linux(:qemu_aarch64_vm_clang)",
    ^-------------------------------------
Running //test/arch/BUILD.gn with toolchain //project/reference:aem_v8a_fvp_clang
Loading //test/vmapi/arch/aarch64/gicv3/BUILD.gn (referenced from //project/reference/BUILD.gn:51)
Loading //build/image/image.gni (referenced from //test/arch/BUILD.gn:7)
Running //test/vmapi/BUILD.gn with toolchain //project/reference:secure_aem_v8a_fvp_vhe_vm_clang
